Build started 6/3/2014 11:02:39 PM.
     1>Project "C:\Users\Matthew\Documents\GitHub\CSC190Matthew_Johnson\GameSkeleton\GameSolution\Game\Game.vcxproj" on node 2 (Build target(s)).
       Project file contains ToolsVersion="12.0". This toolset may be unknown or missing, in which case you may be able to resolve this by installing the appropriate version of MSBuild, or the build may have been forced to a particular ToolsVersion for policy reasons. Treating the project as if it had ToolsVersion="4.0". For more information, please see http://go.microsoft.com/fwlink/?LinkId=291333.
     1>ClCompile:
         C:\Program Files (x86)\Microsoft Visual Studio 11.0\VC\bin\CL.exe /c /IC:\Users\Matthew\Documents\GitHub\CSC190Matthew_Johnson\GameSkeleton\GameSolution\\Engine /IC:\Users\Matthew\Documents\GitHub\CSC190Matthew_Johnson\GameSkeleton\GameSolution\\Core\include /ZI /nologo /W4 /WX /Od /Oy- /D WIN32 /D _DEBUG /D _WINDOWS /D _UNICODE /D UNICODE /Gm /EHsc /RTC1 /MDd /GS /fp:precise /Zc:wchar_t /Zc:forScope /Fo"Debug\\" /Fd"Debug\vc110.pdb" /Gd /TP /analyze- /errorReport:prompt GameSolution.cpp
         GameSolution.cpp
       Link:
         C:\Program Files (x86)\Microsoft Visual Studio 11.0\VC\bin\link.exe /ERRORREPORT:PROMPT /OUT:"C:\Users\Matthew\Documents\GitHub\CSC190Matthew_Johnson\GameSkeleton\GameSolution\Debug\Game.exe" /INCREMENTAL /NOLOGO /LIBPATH:C:\Users\Matthew\Documents\GitHub\CSC190Matthew_Johnson\GameSkeleton\GameSolution\Debug\ /LIBPATH:C:\Users\Matthew\Documents\GitHub\CSC190Matthew_Johnson\GameSkeleton\GameSolution\\Core\lib /LIBPATH:C:\Users\Matthew\Documents\GitHub\CSC190Matthew_Johnson\GameSkeleton\GameSolution\Debug\ kernel32.lib user32.lib gdi32.lib winspool.lib comdlg32.lib advapi32.lib shell32.lib ole32.lib oleaut32.lib uuid.lib odbc32.lib odbccp32.lib Engine.lib Core.lib kernel32.lib user32.lib gdi32.lib winspool.lib comdlg32.lib advapi32.lib shell32.lib ole32.lib oleaut32.lib uuid.lib odbc32.lib odbccp32.lib /MANIFEST /MANIFESTUAC:"level='asInvoker' uiAccess='false'" /manifest:embed /DEBUG /PDB:"C:\Users\Matthew\Documents\GitHub\CSC190Matthew_Johnson\GameSkeleton\GameSolution\Debug\Game.pdb" /SUBSYSTEM:WINDOWS /TLBID:1 /ENTRY:"mainCRTStartup" /DYNAMICBASE /NXCOMPAT /IMPLIB:"C:\Users\Matthew\Documents\GitHub\CSC190Matthew_Johnson\GameSkeleton\GameSolution\Debug\Game.lib" /MACHINE:X86 Debug\Timer.obj
         Debug\Boundary.obj
         Debug\CollisionManager.obj
         Debug\DrawValues.obj
         Debug\Enemy.obj
         Debug\EnemyManager.obj
         Debug\GameSolution.obj
         Debug\LerpingRoid.obj
         Debug\main.obj
         Debug\Missile.obj
         Debug\Particle.obj
         Debug\ParticleEffect.obj
         Debug\Profiler.obj
         Debug\ProjectileManager.obj
         Debug\SpaceShip.obj
         Debug\squarePlanet.obj
         Debug\Turret.obj
         Debug\VaryColor.obj
         Game.vcxproj -> C:\Users\Matthew\Documents\GitHub\CSC190Matthew_Johnson\GameSkeleton\GameSolution\Debug\Game.exe
     1>Done Building Project "C:\Users\Matthew\Documents\GitHub\CSC190Matthew_Johnson\GameSkeleton\GameSolution\Game\Game.vcxproj" (Build target(s)).

Build succeeded.

Time Elapsed 00:00:01.13
