C:\USERS\MATTHEW\DOCUMENTS\GITHUB\CSC190MATTHEW_JOHNSON\GAMESKELETON\GAMESOLUTION\GAME\DEBUG\TIMER.OBJ
C:\USERS\MATTHEW\DOCUMENTS\GITHUB\CSC190MATTHEW_JOHNSON\GAMESKELETON\GAMESOLUTION\GAME\DEBUG\BOUNDARY.OBJ
C:\USERS\MATTHEW\DOCUMENTS\GITHUB\CSC190MATTHEW_JOHNSON\GAMESKELETON\GAMESOLUTION\GAME\DEBUG\COLLISIONMANAGER.OBJ
C:\USERS\MATTHEW\DOCUMENTS\GITHUB\CSC190MATTHEW_JOHNSON\GAMESKELETON\GAMESOLUTION\GAME\DEBUG\DRAWVALUES.OBJ
C:\USERS\MATTHEW\DOCUMENTS\GITHUB\CSC190MATTHEW_JOHNSON\GAMESKELETON\GAMESOLUTION\GAME\DEBUG\ENEMY.OBJ
C:\USERS\MATTHEW\DOCUMENTS\GITHUB\CSC190MATTHEW_JOHNSON\GAMESKELETON\GAMESOLUTION\GAME\DEBUG\ENEMYMANAGER.OBJ
C:\USERS\MATTHEW\DOCUMENTS\GITHUB\CSC190MATTHEW_JOHNSON\GAMESKELETON\GAMESOLUTION\GAME\DEBUG\ENEMYTYPEONE.OBJ
C:\USERS\MATTHEW\DOCUMENTS\GITHUB\CSC190MATTHEW_JOHNSON\GAMESKELETON\GAMESOLUTION\GAME\DEBUG\ENEMYTYPETWO.OBJ
C:\USERS\MATTHEW\DOCUMENTS\GITHUB\CSC190MATTHEW_JOHNSON\GAMESKELETON\GAMESOLUTION\GAME\DEBUG\GAMESOLUTION.OBJ
C:\USERS\MATTHEW\DOCUMENTS\GITHUB\CSC190MATTHEW_JOHNSON\GAMESKELETON\GAMESOLUTION\GAME\DEBUG\LERPINGROID.OBJ
C:\USERS\MATTHEW\DOCUMENTS\GITHUB\CSC190MATTHEW_JOHNSON\GAMESKELETON\GAMESOLUTION\GAME\DEBUG\MISSILE.OBJ
C:\USERS\MATTHEW\DOCUMENTS\GITHUB\CSC190MATTHEW_JOHNSON\GAMESKELETON\GAMESOLUTION\GAME\DEBUG\PARTICLE.OBJ
C:\USERS\MATTHEW\DOCUMENTS\GITHUB\CSC190MATTHEW_JOHNSON\GAMESKELETON\GAMESOLUTION\GAME\DEBUG\PARTICLEEFFECT.OBJ
C:\USERS\MATTHEW\DOCUMENTS\GITHUB\CSC190MATTHEW_JOHNSON\GAMESKELETON\GAMESOLUTION\GAME\DEBUG\PROJECTILEMANAGER.OBJ
C:\USERS\MATTHEW\DOCUMENTS\GITHUB\CSC190MATTHEW_JOHNSON\GAMESKELETON\GAMESOLUTION\GAME\DEBUG\SPACESHIP.OBJ
C:\USERS\MATTHEW\DOCUMENTS\GITHUB\CSC190MATTHEW_JOHNSON\GAMESKELETON\GAMESOLUTION\GAME\DEBUG\SQUAREPLANET.OBJ
C:\USERS\MATTHEW\DOCUMENTS\GITHUB\CSC190MATTHEW_JOHNSON\GAMESKELETON\GAMESOLUTION\GAME\DEBUG\TURRET.OBJ
C:\USERS\MATTHEW\DOCUMENTS\GITHUB\CSC190MATTHEW_JOHNSON\GAMESKELETON\GAMESOLUTION\GAME\DEBUG\VARYCOLOR.OBJ
C:\USERS\MATTHEW\DOCUMENTS\GITHUB\CSC190MATTHEW_JOHNSON\GAMESKELETON\GAMESOLUTION\GAME\DEBUG\VC110.PDB
C:\USERS\MATTHEW\DOCUMENTS\GITHUB\CSC190MATTHEW_JOHNSON\GAMESKELETON\GAMESOLUTION\GAME\DEBUG\MAIN.OBJ
C:\USERS\MATTHEW\DOCUMENTS\GITHUB\CSC190MATTHEW_JOHNSON\GAMESKELETON\GAMESOLUTION\GAME\DEBUG\LOGGER.OBJ
C:\USERS\MATTHEW\DOCUMENTS\GITHUB\CSC190MATTHEW_JOHNSON\GAMESKELETON\GAMESOLUTION\DEBUG\GAME.ILK
C:\USERS\MATTHEW\DOCUMENTS\GITHUB\CSC190MATTHEW_JOHNSON\GAMESKELETON\GAMESOLUTION\DEBUG\GAME.EXE
C:\USERS\MATTHEW\DOCUMENTS\GITHUB\CSC190MATTHEW_JOHNSON\GAMESKELETON\GAMESOLUTION\DEBUG\GAME.PDB
C:\Users\Matthew\Documents\GitHub\CSC190Matthew_Johnson\GameSkeleton\GameSolution\Game\Debug\Boundary.obj
C:\Users\Matthew\Documents\GitHub\CSC190Matthew_Johnson\GameSkeleton\GameSolution\Game\Debug\CollisionManager.obj
C:\Users\Matthew\Documents\GitHub\CSC190Matthew_Johnson\GameSkeleton\GameSolution\Game\Debug\DrawValues.obj
C:\Users\Matthew\Documents\GitHub\CSC190Matthew_Johnson\GameSkeleton\GameSolution\Game\Debug\Enemy.obj
C:\Users\Matthew\Documents\GitHub\CSC190Matthew_Johnson\GameSkeleton\GameSolution\Game\Debug\EnemyManager.obj
C:\Users\Matthew\Documents\GitHub\CSC190Matthew_Johnson\GameSkeleton\GameSolution\Game\Debug\EnemyTypeOne.obj
C:\Users\Matthew\Documents\GitHub\CSC190Matthew_Johnson\GameSkeleton\GameSolution\Game\Debug\EnemyTypeTwo.obj
C:\Users\Matthew\Documents\GitHub\CSC190Matthew_Johnson\GameSkeleton\GameSolution\Game\Debug\GameSolution.obj
C:\Users\Matthew\Documents\GitHub\CSC190Matthew_Johnson\GameSkeleton\GameSolution\Game\Debug\LerpingRoid.obj
C:\Users\Matthew\Documents\GitHub\CSC190Matthew_Johnson\GameSkeleton\GameSolution\Game\Debug\Logger.obj
C:\Users\Matthew\Documents\GitHub\CSC190Matthew_Johnson\GameSkeleton\GameSolution\Game\Debug\main.obj
C:\Users\Matthew\Documents\GitHub\CSC190Matthew_Johnson\GameSkeleton\GameSolution\Game\Debug\Missile.obj
C:\Users\Matthew\Documents\GitHub\CSC190Matthew_Johnson\GameSkeleton\GameSolution\Game\Debug\Particle.obj
C:\Users\Matthew\Documents\GitHub\CSC190Matthew_Johnson\GameSkeleton\GameSolution\Game\Debug\ParticleEffect.obj
C:\Users\Matthew\Documents\GitHub\CSC190Matthew_Johnson\GameSkeleton\GameSolution\Game\Debug\ProjectileManager.obj
C:\Users\Matthew\Documents\GitHub\CSC190Matthew_Johnson\GameSkeleton\GameSolution\Game\Debug\SpaceShip.obj
C:\Users\Matthew\Documents\GitHub\CSC190Matthew_Johnson\GameSkeleton\GameSolution\Game\Debug\squarePlanet.obj
C:\Users\Matthew\Documents\GitHub\CSC190Matthew_Johnson\GameSkeleton\GameSolution\Game\Debug\Timer.obj
C:\Users\Matthew\Documents\GitHub\CSC190Matthew_Johnson\GameSkeleton\GameSolution\Game\Debug\Turret.obj
C:\Users\Matthew\Documents\GitHub\CSC190Matthew_Johnson\GameSkeleton\GameSolution\Game\Debug\VaryColor.obj
C:\Users\Matthew\Documents\GitHub\CSC190Matthew_Johnson\GameSkeleton\GameSolution\Game\Debug\cl.command.1.tlog
C:\Users\Matthew\Documents\GitHub\CSC190Matthew_Johnson\GameSkeleton\GameSolution\Game\Debug\CL.read.1.tlog
C:\Users\Matthew\Documents\GitHub\CSC190Matthew_Johnson\GameSkeleton\GameSolution\Game\Debug\CL.write.1.tlog
C:\Users\Matthew\Documents\GitHub\CSC190Matthew_Johnson\GameSkeleton\GameSolution\Game\Debug\link-cvtres.read.1.tlog
C:\Users\Matthew\Documents\GitHub\CSC190Matthew_Johnson\GameSkeleton\GameSolution\Game\Debug\link-cvtres.write.1.tlog
C:\Users\Matthew\Documents\GitHub\CSC190Matthew_Johnson\GameSkeleton\GameSolution\Game\Debug\link-rc.read.1.tlog
C:\Users\Matthew\Documents\GitHub\CSC190Matthew_Johnson\GameSkeleton\GameSolution\Game\Debug\link-rc.write.1.tlog
C:\Users\Matthew\Documents\GitHub\CSC190Matthew_Johnson\GameSkeleton\GameSolution\Game\Debug\link.2000-cvtres.read.1.tlog
C:\Users\Matthew\Documents\GitHub\CSC190Matthew_Johnson\GameSkeleton\GameSolution\Game\Debug\link.2000-cvtres.write.1.tlog
C:\Users\Matthew\Documents\GitHub\CSC190Matthew_Johnson\GameSkeleton\GameSolution\Game\Debug\link.2000-rc.read.1.tlog
C:\Users\Matthew\Documents\GitHub\CSC190Matthew_Johnson\GameSkeleton\GameSolution\Game\Debug\link.2000-rc.write.1.tlog
C:\Users\Matthew\Documents\GitHub\CSC190Matthew_Johnson\GameSkeleton\GameSolution\Game\Debug\link.2000.read.1.tlog
C:\Users\Matthew\Documents\GitHub\CSC190Matthew_Johnson\GameSkeleton\GameSolution\Game\Debug\link.2000.write.1.tlog
C:\Users\Matthew\Documents\GitHub\CSC190Matthew_Johnson\GameSkeleton\GameSolution\Game\Debug\link.2876-cvtres.read.1.tlog
C:\Users\Matthew\Documents\GitHub\CSC190Matthew_Johnson\GameSkeleton\GameSolution\Game\Debug\link.2876-cvtres.write.1.tlog
C:\Users\Matthew\Documents\GitHub\CSC190Matthew_Johnson\GameSkeleton\GameSolution\Game\Debug\link.2876-rc.read.1.tlog
C:\Users\Matthew\Documents\GitHub\CSC190Matthew_Johnson\GameSkeleton\GameSolution\Game\Debug\link.2876-rc.write.1.tlog
C:\Users\Matthew\Documents\GitHub\CSC190Matthew_Johnson\GameSkeleton\GameSolution\Game\Debug\link.2876.read.1.tlog
C:\Users\Matthew\Documents\GitHub\CSC190Matthew_Johnson\GameSkeleton\GameSolution\Game\Debug\link.2876.write.1.tlog
C:\Users\Matthew\Documents\GitHub\CSC190Matthew_Johnson\GameSkeleton\GameSolution\Game\Debug\link.4932-cvtres.read.1.tlog
C:\Users\Matthew\Documents\GitHub\CSC190Matthew_Johnson\GameSkeleton\GameSolution\Game\Debug\link.4932-cvtres.write.1.tlog
C:\Users\Matthew\Documents\GitHub\CSC190Matthew_Johnson\GameSkeleton\GameSolution\Game\Debug\link.4932-rc.read.1.tlog
C:\Users\Matthew\Documents\GitHub\CSC190Matthew_Johnson\GameSkeleton\GameSolution\Game\Debug\link.4932-rc.write.1.tlog
C:\Users\Matthew\Documents\GitHub\CSC190Matthew_Johnson\GameSkeleton\GameSolution\Game\Debug\link.4932.read.1.tlog
C:\Users\Matthew\Documents\GitHub\CSC190Matthew_Johnson\GameSkeleton\GameSolution\Game\Debug\link.4932.write.1.tlog
C:\Users\Matthew\Documents\GitHub\CSC190Matthew_Johnson\GameSkeleton\GameSolution\Game\Debug\link.5220-cvtres.read.1.tlog
C:\Users\Matthew\Documents\GitHub\CSC190Matthew_Johnson\GameSkeleton\GameSolution\Game\Debug\link.5220-cvtres.write.1.tlog
C:\Users\Matthew\Documents\GitHub\CSC190Matthew_Johnson\GameSkeleton\GameSolution\Game\Debug\link.5220-rc.read.1.tlog
C:\Users\Matthew\Documents\GitHub\CSC190Matthew_Johnson\GameSkeleton\GameSolution\Game\Debug\link.5220-rc.write.1.tlog
C:\Users\Matthew\Documents\GitHub\CSC190Matthew_Johnson\GameSkeleton\GameSolution\Game\Debug\link.5220.read.1.tlog
C:\Users\Matthew\Documents\GitHub\CSC190Matthew_Johnson\GameSkeleton\GameSolution\Game\Debug\link.5220.write.1.tlog
C:\Users\Matthew\Documents\GitHub\CSC190Matthew_Johnson\GameSkeleton\GameSolution\Game\Debug\link.6284-cvtres.read.1.tlog
C:\Users\Matthew\Documents\GitHub\CSC190Matthew_Johnson\GameSkeleton\GameSolution\Game\Debug\link.6284-cvtres.write.1.tlog
C:\Users\Matthew\Documents\GitHub\CSC190Matthew_Johnson\GameSkeleton\GameSolution\Game\Debug\link.6284-rc.read.1.tlog
C:\Users\Matthew\Documents\GitHub\CSC190Matthew_Johnson\GameSkeleton\GameSolution\Game\Debug\link.6284-rc.write.1.tlog
C:\Users\Matthew\Documents\GitHub\CSC190Matthew_Johnson\GameSkeleton\GameSolution\Game\Debug\link.6284.read.1.tlog
C:\Users\Matthew\Documents\GitHub\CSC190Matthew_Johnson\GameSkeleton\GameSolution\Game\Debug\link.6284.write.1.tlog
C:\Users\Matthew\Documents\GitHub\CSC190Matthew_Johnson\GameSkeleton\GameSolution\Game\Debug\link.6860-cvtres.read.1.tlog
C:\Users\Matthew\Documents\GitHub\CSC190Matthew_Johnson\GameSkeleton\GameSolution\Game\Debug\link.6860-cvtres.write.1.tlog
C:\Users\Matthew\Documents\GitHub\CSC190Matthew_Johnson\GameSkeleton\GameSolution\Game\Debug\link.6860-rc.read.1.tlog
C:\Users\Matthew\Documents\GitHub\CSC190Matthew_Johnson\GameSkeleton\GameSolution\Game\Debug\link.6860-rc.write.1.tlog
C:\Users\Matthew\Documents\GitHub\CSC190Matthew_Johnson\GameSkeleton\GameSolution\Game\Debug\link.6860.read.1.tlog
C:\Users\Matthew\Documents\GitHub\CSC190Matthew_Johnson\GameSkeleton\GameSolution\Game\Debug\link.6860.write.1.tlog
C:\Users\Matthew\Documents\GitHub\CSC190Matthew_Johnson\GameSkeleton\GameSolution\Game\Debug\link.command.1.tlog
C:\Users\Matthew\Documents\GitHub\CSC190Matthew_Johnson\GameSkeleton\GameSolution\Game\Debug\link.read.1.tlog
C:\Users\Matthew\Documents\GitHub\CSC190Matthew_Johnson\GameSkeleton\GameSolution\Game\Debug\link.write.1.tlog
C:\Users\Matthew\Documents\GitHub\CSC190Matthew_Johnson\GameSkeleton\GameSolution\Game\Debug\vc110.idb
C:\Users\Matthew\Documents\GitHub\CSC190Matthew_Johnson\GameSkeleton\GameSolution\Game\Debug\vc110.pdb
C:\Users\Matthew\Documents\GitHub\CSC190Matthew_Johnson\GameSkeleton\GameSolution\Debug\Game.pdb
C:\Users\Matthew\Documents\GitHub\CSC190Matthew_Johnson\GameSkeleton\GameSolution\Debug\Game.exe
C:\Users\Matthew\Documents\GitHub\CSC190Matthew_Johnson\GameSkeleton\GameSolution\Debug\Game.ilk
