C:\USERS\MATTHEW\DOCUMENTS\GITHUB\CSC190MATTHEW_JOHNSON\GAMESKELETON\TWODCALCULATOR\DEBUG\OBJ\ENTRYPOINT.OBJ
C:\USERS\MATTHEW\DOCUMENTS\GITHUB\CSC190MATTHEW_JOHNSON\GAMESKELETON\TWODCALCULATOR\DEBUG\OBJ\VC110.PDB
C:\USERS\MATTHEW\DOCUMENTS\GITHUB\CSC190MATTHEW_JOHNSON\GAMESKELETON\TWODCALCULATOR\DEBUG\TWODCALCULATOR.ILK
C:\USERS\MATTHEW\DOCUMENTS\GITHUB\CSC190MATTHEW_JOHNSON\GAMESKELETON\TWODCALCULATOR\DEBUG\TWODCALCULATOR.EXE
C:\USERS\MATTHEW\DOCUMENTS\GITHUB\CSC190MATTHEW_JOHNSON\GAMESKELETON\TWODCALCULATOR\DEBUG\TWODCALCULATOR.PDB
C:\Users\Matthew\Documents\GitHub\CSC190Matthew_Johnson\GameSkeleton\TwoDCalculator\Debug\TwoDCalculator.lib
C:\Users\Matthew\Documents\GitHub\CSC190Matthew_Johnson\GameSkeleton\TwoDCalculator\Debug\TwoDCalculator.exp
C:\Users\Matthew\Documents\GitHub\CSC190Matthew_Johnson\GameSkeleton\TwoDCalculator\Debug\obj\cl.command.1.tlog
C:\Users\Matthew\Documents\GitHub\CSC190Matthew_Johnson\GameSkeleton\TwoDCalculator\Debug\obj\CL.read.1.tlog
C:\Users\Matthew\Documents\GitHub\CSC190Matthew_Johnson\GameSkeleton\TwoDCalculator\Debug\obj\CL.write.1.tlog
C:\Users\Matthew\Documents\GitHub\CSC190Matthew_Johnson\GameSkeleton\TwoDCalculator\Debug\obj\link-cvtres.read.1.tlog
C:\Users\Matthew\Documents\GitHub\CSC190Matthew_Johnson\GameSkeleton\TwoDCalculator\Debug\obj\link-cvtres.write.1.tlog
C:\Users\Matthew\Documents\GitHub\CSC190Matthew_Johnson\GameSkeleton\TwoDCalculator\Debug\obj\link-rc.read.1.tlog
C:\Users\Matthew\Documents\GitHub\CSC190Matthew_Johnson\GameSkeleton\TwoDCalculator\Debug\obj\link-rc.write.1.tlog
C:\Users\Matthew\Documents\GitHub\CSC190Matthew_Johnson\GameSkeleton\TwoDCalculator\Debug\obj\link.2004-cvtres.read.1.tlog
C:\Users\Matthew\Documents\GitHub\CSC190Matthew_Johnson\GameSkeleton\TwoDCalculator\Debug\obj\link.2004-cvtres.write.1.tlog
C:\Users\Matthew\Documents\GitHub\CSC190Matthew_Johnson\GameSkeleton\TwoDCalculator\Debug\obj\link.2004-rc.read.1.tlog
C:\Users\Matthew\Documents\GitHub\CSC190Matthew_Johnson\GameSkeleton\TwoDCalculator\Debug\obj\link.2004-rc.write.1.tlog
C:\Users\Matthew\Documents\GitHub\CSC190Matthew_Johnson\GameSkeleton\TwoDCalculator\Debug\obj\link.2004.read.1.tlog
C:\Users\Matthew\Documents\GitHub\CSC190Matthew_Johnson\GameSkeleton\TwoDCalculator\Debug\obj\link.2004.write.1.tlog
C:\Users\Matthew\Documents\GitHub\CSC190Matthew_Johnson\GameSkeleton\TwoDCalculator\Debug\obj\link.6424-cvtres.read.1.tlog
C:\Users\Matthew\Documents\GitHub\CSC190Matthew_Johnson\GameSkeleton\TwoDCalculator\Debug\obj\link.6424-cvtres.write.1.tlog
C:\Users\Matthew\Documents\GitHub\CSC190Matthew_Johnson\GameSkeleton\TwoDCalculator\Debug\obj\link.6424-rc.read.1.tlog
C:\Users\Matthew\Documents\GitHub\CSC190Matthew_Johnson\GameSkeleton\TwoDCalculator\Debug\obj\link.6424-rc.write.1.tlog
C:\Users\Matthew\Documents\GitHub\CSC190Matthew_Johnson\GameSkeleton\TwoDCalculator\Debug\obj\link.6424.read.1.tlog
C:\Users\Matthew\Documents\GitHub\CSC190Matthew_Johnson\GameSkeleton\TwoDCalculator\Debug\obj\link.6424.write.1.tlog
C:\Users\Matthew\Documents\GitHub\CSC190Matthew_Johnson\GameSkeleton\TwoDCalculator\Debug\obj\link.6772-cvtres.read.1.tlog
C:\Users\Matthew\Documents\GitHub\CSC190Matthew_Johnson\GameSkeleton\TwoDCalculator\Debug\obj\link.6772-cvtres.write.1.tlog
C:\Users\Matthew\Documents\GitHub\CSC190Matthew_Johnson\GameSkeleton\TwoDCalculator\Debug\obj\link.6772-rc.read.1.tlog
C:\Users\Matthew\Documents\GitHub\CSC190Matthew_Johnson\GameSkeleton\TwoDCalculator\Debug\obj\link.6772-rc.write.1.tlog
C:\Users\Matthew\Documents\GitHub\CSC190Matthew_Johnson\GameSkeleton\TwoDCalculator\Debug\obj\link.6772.read.1.tlog
C:\Users\Matthew\Documents\GitHub\CSC190Matthew_Johnson\GameSkeleton\TwoDCalculator\Debug\obj\link.6772.write.1.tlog
C:\Users\Matthew\Documents\GitHub\CSC190Matthew_Johnson\GameSkeleton\TwoDCalculator\Debug\obj\link.command.1.tlog
C:\Users\Matthew\Documents\GitHub\CSC190Matthew_Johnson\GameSkeleton\TwoDCalculator\Debug\obj\link.read.1.tlog
C:\Users\Matthew\Documents\GitHub\CSC190Matthew_Johnson\GameSkeleton\TwoDCalculator\Debug\obj\link.write.1.tlog
C:\Users\Matthew\Documents\GitHub\CSC190Matthew_Johnson\GameSkeleton\TwoDCalculator\Debug\obj\TwoDCalculator.write.1.tlog
C:\Users\Matthew\Documents\GitHub\CSC190Matthew_Johnson\GameSkeleton\TwoDCalculator\Debug\obj\vc110.idb
C:\Users\Matthew\Documents\GitHub\CSC190Matthew_Johnson\GameSkeleton\TwoDCalculator\Debug\obj\vc110.pdb
C:\Users\Matthew\Documents\GitHub\CSC190Matthew_Johnson\GameSkeleton\TwoDCalculator\Debug\TwoDCalculator.pdb
C:\Users\Matthew\Documents\GitHub\CSC190Matthew_Johnson\GameSkeleton\TwoDCalculator\Debug\TwoDCalculator.exe
C:\Users\Matthew\Documents\GitHub\CSC190Matthew_Johnson\GameSkeleton\TwoDCalculator\Debug\TwoDCalculator.ilk
