C:\USERS\MATTHEW\DOCUMENTS\GITHUB\CSC190MATTHEW_JOHNSON\GAMESKELETON\GAMESOLUTION\ENGINE\DEBUG\OBJ\PROFILER.OBJ
C:\USERS\MATTHEW\DOCUMENTS\GITHUB\CSC190MATTHEW_JOHNSON\GAMESKELETON\GAMESOLUTION\ENGINE\DEBUG\OBJ\DLLMAIN.OBJ
C:\USERS\MATTHEW\DOCUMENTS\GITHUB\CSC190MATTHEW_JOHNSON\GAMESKELETON\GAMESOLUTION\ENGINE\DEBUG\OBJ\ENGINE.OBJ
C:\USERS\MATTHEW\DOCUMENTS\GITHUB\CSC190MATTHEW_JOHNSON\GAMESKELETON\GAMESOLUTION\ENGINE\DEBUG\OBJ\LOGGER.OBJ
C:\USERS\MATTHEW\DOCUMENTS\GITHUB\CSC190MATTHEW_JOHNSON\GAMESKELETON\GAMESOLUTION\ENGINE\DEBUG\OBJ\MATRIX2.OBJ
C:\USERS\MATTHEW\DOCUMENTS\GITHUB\CSC190MATTHEW_JOHNSON\GAMESKELETON\GAMESOLUTION\ENGINE\DEBUG\OBJ\MATRIX3.OBJ
C:\USERS\MATTHEW\DOCUMENTS\GITHUB\CSC190MATTHEW_JOHNSON\GAMESKELETON\GAMESOLUTION\ENGINE\DEBUG\OBJ\MYRANDOMNUMBER.OBJ
C:\USERS\MATTHEW\DOCUMENTS\GITHUB\CSC190MATTHEW_JOHNSON\GAMESKELETON\GAMESOLUTION\ENGINE\DEBUG\OBJ\VECTOR3.OBJ
C:\USERS\MATTHEW\DOCUMENTS\GITHUB\CSC190MATTHEW_JOHNSON\GAMESKELETON\GAMESOLUTION\ENGINE\DEBUG\OBJ\VC110.PDB
C:\Users\Matthew\Documents\GitHub\CSC190Matthew_Johnson\GameSkeleton\GameSolution\Debug\Engine.lib
C:\Users\Matthew\Documents\GitHub\CSC190Matthew_Johnson\GameSkeleton\GameSolution\Debug\Engine.exp
C:\USERS\MATTHEW\DOCUMENTS\GITHUB\CSC190MATTHEW_JOHNSON\GAMESKELETON\GAMESOLUTION\DEBUG\ENGINE.ILK
C:\USERS\MATTHEW\DOCUMENTS\GITHUB\CSC190MATTHEW_JOHNSON\GAMESKELETON\GAMESOLUTION\DEBUG\ENGINE.DLL
C:\USERS\MATTHEW\DOCUMENTS\GITHUB\CSC190MATTHEW_JOHNSON\GAMESKELETON\GAMESOLUTION\DEBUG\ENGINE.PDB
C:\USERS\MATTHEW\DOCUMENTS\GITHUB\CSC190MATTHEW_JOHNSON\GAMESKELETON\GAMESOLUTION\ENGINE\DEBUG\OBJ\ENGINE.RES
C:\Users\Matthew\Documents\GitHub\CSC190Matthew_Johnson\GameSkeleton\GameSolution\Engine\Debug\obj\dllmain.obj
C:\Users\Matthew\Documents\GitHub\CSC190Matthew_Johnson\GameSkeleton\GameSolution\Engine\Debug\obj\Engine.obj
C:\Users\Matthew\Documents\GitHub\CSC190Matthew_Johnson\GameSkeleton\GameSolution\Engine\Debug\obj\Logger.obj
C:\Users\Matthew\Documents\GitHub\CSC190Matthew_Johnson\GameSkeleton\GameSolution\Engine\Debug\obj\Matrix2.obj
C:\Users\Matthew\Documents\GitHub\CSC190Matthew_Johnson\GameSkeleton\GameSolution\Engine\Debug\obj\Matrix3.obj
C:\Users\Matthew\Documents\GitHub\CSC190Matthew_Johnson\GameSkeleton\GameSolution\Engine\Debug\obj\MyRandomNumber.obj
C:\Users\Matthew\Documents\GitHub\CSC190Matthew_Johnson\GameSkeleton\GameSolution\Engine\Debug\obj\Profiler.obj
C:\Users\Matthew\Documents\GitHub\CSC190Matthew_Johnson\GameSkeleton\GameSolution\Engine\Debug\obj\Vector3.obj
C:\Users\Matthew\Documents\GitHub\CSC190Matthew_Johnson\GameSkeleton\GameSolution\Engine\Debug\obj\cl.command.1.tlog
C:\Users\Matthew\Documents\GitHub\CSC190Matthew_Johnson\GameSkeleton\GameSolution\Engine\Debug\obj\CL.read.1.tlog
C:\Users\Matthew\Documents\GitHub\CSC190Matthew_Johnson\GameSkeleton\GameSolution\Engine\Debug\obj\CL.write.1.tlog
C:\Users\Matthew\Documents\GitHub\CSC190Matthew_Johnson\GameSkeleton\GameSolution\Engine\Debug\obj\Engine.write.1.tlog
C:\Users\Matthew\Documents\GitHub\CSC190Matthew_Johnson\GameSkeleton\GameSolution\Engine\Debug\obj\link-cvtres.read.1.tlog
C:\Users\Matthew\Documents\GitHub\CSC190Matthew_Johnson\GameSkeleton\GameSolution\Engine\Debug\obj\link-cvtres.write.1.tlog
C:\Users\Matthew\Documents\GitHub\CSC190Matthew_Johnson\GameSkeleton\GameSolution\Engine\Debug\obj\link-rc.read.1.tlog
C:\Users\Matthew\Documents\GitHub\CSC190Matthew_Johnson\GameSkeleton\GameSolution\Engine\Debug\obj\link-rc.write.1.tlog
C:\Users\Matthew\Documents\GitHub\CSC190Matthew_Johnson\GameSkeleton\GameSolution\Engine\Debug\obj\link.1296-cvtres.read.1.tlog
C:\Users\Matthew\Documents\GitHub\CSC190Matthew_Johnson\GameSkeleton\GameSolution\Engine\Debug\obj\link.1296-cvtres.write.1.tlog
C:\Users\Matthew\Documents\GitHub\CSC190Matthew_Johnson\GameSkeleton\GameSolution\Engine\Debug\obj\link.1296-rc.read.1.tlog
C:\Users\Matthew\Documents\GitHub\CSC190Matthew_Johnson\GameSkeleton\GameSolution\Engine\Debug\obj\link.1296-rc.write.1.tlog
C:\Users\Matthew\Documents\GitHub\CSC190Matthew_Johnson\GameSkeleton\GameSolution\Engine\Debug\obj\link.1296.read.1.tlog
C:\Users\Matthew\Documents\GitHub\CSC190Matthew_Johnson\GameSkeleton\GameSolution\Engine\Debug\obj\link.1296.write.1.tlog
C:\Users\Matthew\Documents\GitHub\CSC190Matthew_Johnson\GameSkeleton\GameSolution\Engine\Debug\obj\link.3900-cvtres.read.1.tlog
C:\Users\Matthew\Documents\GitHub\CSC190Matthew_Johnson\GameSkeleton\GameSolution\Engine\Debug\obj\link.3900-cvtres.write.1.tlog
C:\Users\Matthew\Documents\GitHub\CSC190Matthew_Johnson\GameSkeleton\GameSolution\Engine\Debug\obj\link.3900-rc.read.1.tlog
C:\Users\Matthew\Documents\GitHub\CSC190Matthew_Johnson\GameSkeleton\GameSolution\Engine\Debug\obj\link.3900-rc.write.1.tlog
C:\Users\Matthew\Documents\GitHub\CSC190Matthew_Johnson\GameSkeleton\GameSolution\Engine\Debug\obj\link.3900.read.1.tlog
C:\Users\Matthew\Documents\GitHub\CSC190Matthew_Johnson\GameSkeleton\GameSolution\Engine\Debug\obj\link.3900.write.1.tlog
C:\Users\Matthew\Documents\GitHub\CSC190Matthew_Johnson\GameSkeleton\GameSolution\Engine\Debug\obj\link.4952-cvtres.read.1.tlog
C:\Users\Matthew\Documents\GitHub\CSC190Matthew_Johnson\GameSkeleton\GameSolution\Engine\Debug\obj\link.4952-cvtres.write.1.tlog
C:\Users\Matthew\Documents\GitHub\CSC190Matthew_Johnson\GameSkeleton\GameSolution\Engine\Debug\obj\link.4952-rc.read.1.tlog
C:\Users\Matthew\Documents\GitHub\CSC190Matthew_Johnson\GameSkeleton\GameSolution\Engine\Debug\obj\link.4952-rc.write.1.tlog
C:\Users\Matthew\Documents\GitHub\CSC190Matthew_Johnson\GameSkeleton\GameSolution\Engine\Debug\obj\link.4952.read.1.tlog
C:\Users\Matthew\Documents\GitHub\CSC190Matthew_Johnson\GameSkeleton\GameSolution\Engine\Debug\obj\link.4952.write.1.tlog
C:\Users\Matthew\Documents\GitHub\CSC190Matthew_Johnson\GameSkeleton\GameSolution\Engine\Debug\obj\link.5716-cvtres.read.1.tlog
C:\Users\Matthew\Documents\GitHub\CSC190Matthew_Johnson\GameSkeleton\GameSolution\Engine\Debug\obj\link.5716-cvtres.write.1.tlog
C:\Users\Matthew\Documents\GitHub\CSC190Matthew_Johnson\GameSkeleton\GameSolution\Engine\Debug\obj\link.5716-rc.read.1.tlog
C:\Users\Matthew\Documents\GitHub\CSC190Matthew_Johnson\GameSkeleton\GameSolution\Engine\Debug\obj\link.5716-rc.write.1.tlog
C:\Users\Matthew\Documents\GitHub\CSC190Matthew_Johnson\GameSkeleton\GameSolution\Engine\Debug\obj\link.5716.read.1.tlog
C:\Users\Matthew\Documents\GitHub\CSC190Matthew_Johnson\GameSkeleton\GameSolution\Engine\Debug\obj\link.5716.write.1.tlog
C:\Users\Matthew\Documents\GitHub\CSC190Matthew_Johnson\GameSkeleton\GameSolution\Engine\Debug\obj\link.5732-cvtres.read.1.tlog
C:\Users\Matthew\Documents\GitHub\CSC190Matthew_Johnson\GameSkeleton\GameSolution\Engine\Debug\obj\link.5732-cvtres.write.1.tlog
C:\Users\Matthew\Documents\GitHub\CSC190Matthew_Johnson\GameSkeleton\GameSolution\Engine\Debug\obj\link.5732-rc.read.1.tlog
C:\Users\Matthew\Documents\GitHub\CSC190Matthew_Johnson\GameSkeleton\GameSolution\Engine\Debug\obj\link.5732-rc.write.1.tlog
C:\Users\Matthew\Documents\GitHub\CSC190Matthew_Johnson\GameSkeleton\GameSolution\Engine\Debug\obj\link.5732.read.1.tlog
C:\Users\Matthew\Documents\GitHub\CSC190Matthew_Johnson\GameSkeleton\GameSolution\Engine\Debug\obj\link.5732.write.1.tlog
C:\Users\Matthew\Documents\GitHub\CSC190Matthew_Johnson\GameSkeleton\GameSolution\Engine\Debug\obj\link.6232-cvtres.read.1.tlog
C:\Users\Matthew\Documents\GitHub\CSC190Matthew_Johnson\GameSkeleton\GameSolution\Engine\Debug\obj\link.6232-cvtres.write.1.tlog
C:\Users\Matthew\Documents\GitHub\CSC190Matthew_Johnson\GameSkeleton\GameSolution\Engine\Debug\obj\link.6232-rc.read.1.tlog
C:\Users\Matthew\Documents\GitHub\CSC190Matthew_Johnson\GameSkeleton\GameSolution\Engine\Debug\obj\link.6232-rc.write.1.tlog
C:\Users\Matthew\Documents\GitHub\CSC190Matthew_Johnson\GameSkeleton\GameSolution\Engine\Debug\obj\link.6232.read.1.tlog
C:\Users\Matthew\Documents\GitHub\CSC190Matthew_Johnson\GameSkeleton\GameSolution\Engine\Debug\obj\link.6232.write.1.tlog
C:\Users\Matthew\Documents\GitHub\CSC190Matthew_Johnson\GameSkeleton\GameSolution\Engine\Debug\obj\link.command.1.tlog
C:\Users\Matthew\Documents\GitHub\CSC190Matthew_Johnson\GameSkeleton\GameSolution\Engine\Debug\obj\link.read.1.tlog
C:\Users\Matthew\Documents\GitHub\CSC190Matthew_Johnson\GameSkeleton\GameSolution\Engine\Debug\obj\link.write.1.tlog
C:\Users\Matthew\Documents\GitHub\CSC190Matthew_Johnson\GameSkeleton\GameSolution\Engine\Debug\obj\metagen.read.1.tlog
C:\Users\Matthew\Documents\GitHub\CSC190Matthew_Johnson\GameSkeleton\GameSolution\Engine\Debug\obj\metagen.write.1.tlog
C:\Users\Matthew\Documents\GitHub\CSC190Matthew_Johnson\GameSkeleton\GameSolution\Engine\Debug\obj\rc.command.1.tlog
C:\Users\Matthew\Documents\GitHub\CSC190Matthew_Johnson\GameSkeleton\GameSolution\Engine\Debug\obj\rc.read.1.tlog
C:\Users\Matthew\Documents\GitHub\CSC190Matthew_Johnson\GameSkeleton\GameSolution\Engine\Debug\obj\rc.write.1.tlog
C:\Users\Matthew\Documents\GitHub\CSC190Matthew_Johnson\GameSkeleton\GameSolution\Engine\Debug\obj\Engine.res
C:\Users\Matthew\Documents\GitHub\CSC190Matthew_Johnson\GameSkeleton\GameSolution\Engine\Debug\obj\vc110.idb
C:\Users\Matthew\Documents\GitHub\CSC190Matthew_Johnson\GameSkeleton\GameSolution\Engine\Debug\obj\vc110.pdb
C:\Users\Matthew\Documents\GitHub\CSC190Matthew_Johnson\GameSkeleton\GameSolution\Engine\Debug\obj\TZRES.DLL.bi
C:\Users\Matthew\Documents\GitHub\CSC190Matthew_Johnson\GameSkeleton\GameSolution\Debug\Engine.pdb
C:\Users\Matthew\Documents\GitHub\CSC190Matthew_Johnson\GameSkeleton\GameSolution\Debug\Engine.dll
C:\Users\Matthew\Documents\GitHub\CSC190Matthew_Johnson\GameSkeleton\GameSolution\Debug\Engine.ilk
